John Doe

Red
Green
Blue
Orange

Marylin
Guillermo
Reyes
Felix
Humberto
Crystal
Darla
Shaun
Tiffany
Jonathan
Julia
Yi
Nora
Lance
Scott
Ruth
Tory
Daryl
Kate
Richard

Marylin
Guillermo
Reyes
Felix
Humberto
Crystal
Darla
Shaun
Tiffany
Jonathan
Julia
Yi
Nora
Lance
Scott
Ruth
Tory
Daryl
Kate
Richard

Amy Rain
Tim You
Scott Jameson

Isabelle Ngo

Larisa

Nora

Humberto

Guillermo

Marylin
Guillermo
Reyes
Felix
Humberto
Crystal
Darla
Shaun
Tiffany
Jonathan
Julia
Yi
Nora
Lance
Scott
Ruth
Tory
Daryl
Kate
Richard

